<?xml version="1.0" encoding="UTF-8"?>
<testng-results skipped="0" failed="0" total="3" passed="3">
  <reporter-output>
  </reporter-output>
  <suite name="Default suite" duration-ms="3765" started-at="2016-10-11T11:29:21Z" finished-at="2016-10-11T11:29:25Z">
    <groups>
    </groups>
    <test name="Default test" duration-ms="3605" started-at="2016-10-11T11:29:21Z" finished-at="2016-10-11T11:29:24Z">
      <class name="com.auto.test.testcase.SearchTest">
        <test-method status="PASS" signature="beforeTest()[pri:0, instance:com.auto.test.testcase.SearchTest@332437f7]" name="beforeTest" is-config="true" duration-ms="6" started-at="2016-10-11T19:29:21Z" finished-at="2016-10-11T19:29:21Z">
          <reporter-output>
          </reporter-output>
        </test-method> <!-- beforeTest -->
        <test-method status="PASS" signature="beforeClass()[pri:0, instance:com.auto.test.testcase.SearchTest@332437f7]" name="beforeClass" is-config="true" duration-ms="1" started-at="2016-10-11T19:29:21Z" finished-at="2016-10-11T19:29:21Z">
          <reporter-output>
          </reporter-output>
        </test-method> <!-- beforeClass -->
        <test-method status="PASS" signature="beforeMethod()[pri:0, instance:com.auto.test.testcase.SearchTest@332437f7]" name="beforeMethod" is-config="true" duration-ms="0" started-at="2016-10-11T19:29:21Z" finished-at="2016-10-11T19:29:21Z">
          <reporter-output>
          </reporter-output>
        </test-method> <!-- beforeMethod -->
        <test-method status="PASS" signature="search()[pri:0, instance:com.auto.test.testcase.SearchTest@332437f7]" name="search" duration-ms="3571" started-at="2016-10-11T19:29:21Z" finished-at="2016-10-11T19:29:24Z">
          <reporter-output>
          </reporter-output>
        </test-method> <!-- search -->
        <test-method status="PASS" signature="afterMethod()[pri:0, instance:com.auto.test.testcase.SearchTest@332437f7]" name="afterMethod" is-config="true" duration-ms="1" started-at="2016-10-11T19:29:24Z" finished-at="2016-10-11T19:29:24Z">
          <reporter-output>
          </reporter-output>
        </test-method> <!-- afterMethod -->
        <test-method status="PASS" signature="afterClass()[pri:0, instance:com.auto.test.testcase.SearchTest@332437f7]" name="afterClass" is-config="true" duration-ms="1" started-at="2016-10-11T19:29:24Z" finished-at="2016-10-11T19:29:24Z">
          <reporter-output>
          </reporter-output>
        </test-method> <!-- afterClass -->
        <test-method status="PASS" signature="afterTest()[pri:0, instance:com.auto.test.testcase.SearchTest@332437f7]" name="afterTest" is-config="true" duration-ms="1" started-at="2016-10-11T19:29:24Z" finished-at="2016-10-11T19:29:24Z">
          <reporter-output>
          </reporter-output>
        </test-method> <!-- afterTest -->
      </class> <!-- com.auto.test.testcase.SearchTest -->
    </test> <!-- Default test -->
    <test name="Default test1" duration-ms="25" started-at="2016-10-11T11:29:25Z" finished-at="2016-10-11T11:29:25Z">
      <class name="com.auto.test.testcase.LoginTest">
        <test-method status="PASS" signature="beforeClass()[pri:0, instance:com.auto.test.testcase.LoginTest@7447eba6]" name="beforeClass" is-config="true" duration-ms="0" started-at="2016-10-11T19:29:25Z" finished-at="2016-10-11T19:29:25Z">
          <reporter-output>
          </reporter-output>
        </test-method> <!-- beforeClass -->
        <test-method status="PASS" signature="createTenent()[pri:0, instance:com.auto.test.testcase.LoginTest@7447eba6]" name="createTenent" duration-ms="1" started-at="2016-10-11T19:29:25Z" finished-at="2016-10-11T19:29:25Z">
          <reporter-output>
          </reporter-output>
        </test-method> <!-- createTenent -->
        <test-method status="PASS" signature="beforeMethod()[pri:0, instance:com.auto.test.testcase.LoginTest@7447eba6]" name="beforeMethod" is-config="true" duration-ms="0" started-at="2016-10-11T19:29:25Z" finished-at="2016-10-11T19:29:25Z">
          <reporter-output>
          </reporter-output>
        </test-method> <!-- beforeMethod -->
        <test-method status="PASS" signature="afterMethod()[pri:0, instance:com.auto.test.testcase.LoginTest@7447eba6]" name="afterMethod" is-config="true" duration-ms="0" started-at="2016-10-11T19:29:25Z" finished-at="2016-10-11T19:29:25Z">
          <reporter-output>
          </reporter-output>
        </test-method> <!-- afterMethod -->
        <test-method status="PASS" signature="loginTest()[pri:0, instance:com.auto.test.testcase.LoginTest@7447eba6]" name="loginTest" duration-ms="16" started-at="2016-10-11T19:29:25Z" finished-at="2016-10-11T19:29:25Z">
          <reporter-output>
          </reporter-output>
        </test-method> <!-- loginTest -->
        <test-method status="PASS" signature="beforeMethod()[pri:0, instance:com.auto.test.testcase.LoginTest@7447eba6]" name="beforeMethod" is-config="true" duration-ms="0" started-at="2016-10-11T19:29:25Z" finished-at="2016-10-11T19:29:25Z">
          <reporter-output>
          </reporter-output>
        </test-method> <!-- beforeMethod -->
        <test-method status="PASS" signature="afterClass()[pri:0, instance:com.auto.test.testcase.LoginTest@7447eba6]" name="afterClass" is-config="true" duration-ms="0" started-at="2016-10-11T19:29:25Z" finished-at="2016-10-11T19:29:25Z">
          <reporter-output>
          </reporter-output>
        </test-method> <!-- afterClass -->
        <test-method status="PASS" signature="afterMethod()[pri:0, instance:com.auto.test.testcase.LoginTest@7447eba6]" name="afterMethod" is-config="true" duration-ms="0" started-at="2016-10-11T19:29:25Z" finished-at="2016-10-11T19:29:25Z">
          <reporter-output>
          </reporter-output>
        </test-method> <!-- afterMethod -->
      </class> <!-- com.auto.test.testcase.LoginTest -->
    </test> <!-- Default test1 -->
  </suite> <!-- Default suite -->
</testng-results>
